{"contracts\\ReentrancyAttacker.sol":{"l":{"32":1,"33":1,"41":1,"43":1,"44":1,"45":1,"48":1,"52":1,"54":0,"57":0,"63":0,"68":0,"69":0,"71":0,"72":0},"path":"C:\\Users\\Chaima BEN AYED\\Music\\Team_Blockchainorigin - prepord\\contracts\\ReentrancyAttacker.sol","s":{"1":1,"2":0,"3":0,"4":0,"5":0,"6":0},"b":{"1":[1,0],"2":[1,0],"3":[0,0],"4":[0,0]},"f":{"1":1,"2":0,"3":0},"fnMap":{"1":{"name":"constructor","line":31,"loc":{"start":{"line":31,"column":4},"end":{"line":34,"column":4}}},"2":{"name":"getBalance","line":62,"loc":{"start":{"line":62,"column":4},"end":{"line":64,"column":4}}},"3":{"name":"withdraw","line":67,"loc":{"start":{"line":67,"column":4},"end":{"line":73,"column":4}}}},"statementMap":{"1":{"start":{"line":32,"column":8},"end":{"line":32,"column":63}},"2":{"start":{"line":63,"column":8},"end":{"line":63,"column":36}},"3":{"start":{"line":68,"column":8},"end":{"line":68,"column":47}},"4":{"start":{"line":69,"column":8},"end":{"line":69,"column":51}},"5":{"start":{"line":71,"column":8},"end":{"line":71,"column":71}},"6":{"start":{"line":72,"column":8},"end":{"line":72,"column":42}}},"branchMap":{"1":{"line":32,"type":"if","locations":[{"start":{"line":32,"column":8},"end":{"line":32,"column":8}},{"start":{"line":32,"column":8},"end":{"line":32,"column":8}}]},"2":{"line":43,"type":"if","locations":[{"start":{"line":43,"column":8},"end":{"line":43,"column":8}},{"start":{"line":43,"column":8},"end":{"line":43,"column":8}}]},"3":{"line":69,"type":"if","locations":[{"start":{"line":69,"column":8},"end":{"line":69,"column":8}},{"start":{"line":69,"column":8},"end":{"line":69,"column":8}}]},"4":{"line":72,"type":"if","locations":[{"start":{"line":72,"column":8},"end":{"line":72,"column":8}},{"start":{"line":72,"column":8},"end":{"line":72,"column":8}}]}}},"contracts\\SafeClub.sol":{"l":{"95":69,"96":65,"100":31,"101":31,"102":31,"106":27,"107":26,"111":153,"112":151,"113":150,"117":36,"118":35,"119":34,"120":33,"124":33,"125":33,"129":33,"133":33,"139":1,"145":3,"146":3,"150":1,"151":1,"162":113,"163":113,"165":112,"169":113,"175":113,"177":113,"185":1,"186":1,"188":0,"190":0,"191":0,"192":0,"193":0,"194":0,"198":0,"202":8,"206":0,"210":0,"216":18,"217":18,"221":0,"222":0,"226":1,"244":33,"245":33,"246":32,"251":31,"252":31,"254":31,"255":31,"256":31,"257":31,"258":31,"259":31,"260":31,"261":31,"262":31,"263":31,"264":31,"265":31,"267":31,"268":31,"270":31,"288":19,"290":19,"294":18,"299":17,"300":17,"302":17,"303":15,"305":2,"308":17,"326":7,"328":7,"332":6,"337":6,"338":6,"340":6,"345":5,"349":5,"355":4,"356":4,"359":4,"360":4,"362":4,"385":3,"386":3,"404":0,"413":1,"415":1,"416":0,"419":1,"421":1,"422":0,"425":1,"427":1,"428":1,"430":1,"436":0,"437":0,"438":0,"439":0,"443":0,"444":0,"445":0,"446":0},"path":"C:\\Users\\Chaima BEN AYED\\Music\\Team_Blockchainorigin - prepord\\contracts\\SafeClub.sol","s":{"1":69,"2":31,"3":31,"4":27,"5":153,"6":151,"7":36,"8":35,"9":34,"10":33,"11":33,"12":33,"13":1,"14":3,"15":3,"16":1,"17":1,"18":113,"19":113,"20":112,"21":113,"22":113,"23":1,"24":1,"25":0,"26":0,"27":0,"28":0,"29":8,"30":0,"31":0,"32":0,"33":0,"34":1,"35":33,"36":33,"37":32,"38":31,"39":31,"40":31,"41":31,"42":19,"43":19,"44":18,"45":17,"46":17,"47":7,"48":7,"49":6,"50":6,"51":6,"52":6,"53":5,"54":5,"55":4,"56":4,"57":4,"58":3,"59":3,"60":0,"61":1,"62":1,"63":0,"64":1,"65":1,"66":0,"67":1,"68":1,"69":1,"70":1,"71":0,"72":0,"73":0,"74":0,"75":0,"76":0},"b":{"1":[65,4],"2":[31,0],"3":[31,0],"4":[26,1],"5":[151,2],"6":[150,1],"7":[35,1],"8":[34,1],"9":[33,1],"10":[33,0],"11":[33,0],"12":[3,1],"13":[1,0],"14":[115,1],"15":[114,1],"16":[113,1],"17":[113,0],"18":[112,1],"19":[1,0],"20":[1,0],"21":[1,0],"22":[0,1],"23":[0,0],"24":[18,0],"25":[0,0],"26":[0,0],"27":[38,1],"28":[38,0],"29":[36,2],"30":[33,3],"31":[33,0],"32":[33,0],"33":[32,1],"34":[31,1],"35":[19,1],"36":[19,0],"37":[19,0],"38":[19,0],"39":[18,1],"40":[17,1],"41":[15,2],"42":[8,2],"43":[8,0],"44":[8,0],"45":[7,1],"46":[7,0],"47":[6,1],"48":[6,0],"49":[5,1],"50":[5,0],"51":[4,1],"52":[4,0],"53":[3,0],"54":[0,0],"55":[1,0],"56":[0,1],"57":[0,1],"58":[0,0],"59":[0,0],"60":[0,0],"61":[0,0]},"f":{"1":69,"2":31,"3":27,"4":153,"5":36,"6":33,"7":1,"8":3,"9":1,"10":113,"11":113,"12":1,"13":8,"14":0,"15":0,"16":0,"17":1,"18":33,"19":19,"20":7,"21":3,"22":0,"23":1,"24":0,"25":0},"fnMap":{"1":{"name":"onlyMember","line":94,"loc":{"start":{"line":94,"column":4},"end":{"line":97,"column":4}}},"2":{"name":"proposalExists","line":99,"loc":{"start":{"line":99,"column":4},"end":{"line":103,"column":4}}},"3":{"name":"notExecuted","line":105,"loc":{"start":{"line":105,"column":4},"end":{"line":108,"column":4}}},"4":{"name":"validAddress","line":110,"loc":{"start":{"line":110,"column":4},"end":{"line":114,"column":4}}},"5":{"name":"validAmount","line":116,"loc":{"start":{"line":116,"column":4},"end":{"line":121,"column":4}}},"6":{"name":"validDuration","line":123,"loc":{"start":{"line":123,"column":4},"end":{"line":134,"column":4}}},"7":{"name":"constructor","line":138,"loc":{"start":{"line":138,"column":4},"end":{"line":140,"column":4}}},"8":{"name":"pause","line":144,"loc":{"start":{"line":144,"column":4},"end":{"line":147,"column":4}}},"9":{"name":"unpause","line":149,"loc":{"start":{"line":149,"column":4},"end":{"line":152,"column":4}}},"10":{"name":"addMember","line":160,"loc":{"start":{"line":156,"column":4},"end":{"line":166,"column":4}}},"11":{"name":"_addMember","line":168,"loc":{"start":{"line":168,"column":4},"end":{"line":178,"column":4}}},"12":{"name":"removeMember","line":183,"loc":{"start":{"line":180,"column":4},"end":{"line":199,"column":4}}},"13":{"name":"getMemberCount","line":201,"loc":{"start":{"line":201,"column":4},"end":{"line":203,"column":4}}},"14":{"name":"getAllMembers","line":205,"loc":{"start":{"line":205,"column":4},"end":{"line":207,"column":4}}},"15":{"name":"isMember","line":209,"loc":{"start":{"line":209,"column":4},"end":{"line":211,"column":4}}},"16":{"name":null,"line":220,"loc":{"start":{"line":220,"column":4},"end":{"line":223,"column":4}}},"17":{"name":"getBalance","line":225,"loc":{"start":{"line":225,"column":4},"end":{"line":227,"column":4}}},"18":{"name":"createProposal","line":242,"loc":{"start":{"line":231,"column":4},"end":{"line":279,"column":4}}},"19":{"name":"vote","line":286,"loc":{"start":{"line":281,"column":4},"end":{"line":316,"column":4}}},"20":{"name":"executeProposal","line":324,"loc":{"start":{"line":318,"column":4},"end":{"line":368,"column":4}}},"21":{"name":"getProposal","line":373,"loc":{"start":{"line":370,"column":4},"end":{"line":396,"column":4}}},"22":{"name":"hasVoted","line":401,"loc":{"start":{"line":398,"column":4},"end":{"line":405,"column":4}}},"23":{"name":"isProposalApproved","line":410,"loc":{"start":{"line":407,"column":4},"end":{"line":431,"column":4}}},"24":{"name":"setQuorumPercentage","line":435,"loc":{"start":{"line":435,"column":4},"end":{"line":440,"column":4}}},"25":{"name":"setApprovalPercentage","line":442,"loc":{"start":{"line":442,"column":4},"end":{"line":447,"column":4}}}},"statementMap":{"1":{"start":{"line":95,"column":8},"end":{"line":95,"column":77}},"2":{"start":{"line":100,"column":8},"end":{"line":100,"column":68}},"3":{"start":{"line":101,"column":8},"end":{"line":101,"column":82}},"4":{"start":{"line":106,"column":8},"end":{"line":106,"column":75}},"5":{"start":{"line":111,"column":8},"end":{"line":111,"column":64}},"6":{"start":{"line":112,"column":8},"end":{"line":112,"column":70}},"7":{"start":{"line":117,"column":8},"end":{"line":117,"column":52}},"8":{"start":{"line":118,"column":8},"end":{"line":118,"column":78}},"9":{"start":{"line":119,"column":8},"end":{"line":119,"column":80}},"10":{"start":{"line":124,"column":8},"end":{"line":124,"column":60}},"11":{"start":{"line":125,"column":8},"end":{"line":125,"column":4268}},"12":{"start":{"line":129,"column":8},"end":{"line":129,"column":4398}},"13":{"start":{"line":139,"column":8},"end":{"line":139,"column":29}},"14":{"start":{"line":145,"column":8},"end":{"line":145,"column":15}},"15":{"start":{"line":146,"column":8},"end":{"line":146,"column":56}},"16":{"start":{"line":150,"column":8},"end":{"line":150,"column":17}},"17":{"start":{"line":151,"column":8},"end":{"line":151,"column":58}},"18":{"start":{"line":162,"column":8},"end":{"line":162,"column":67}},"19":{"start":{"line":163,"column":8},"end":{"line":163,"column":76}},"20":{"start":{"line":165,"column":8},"end":{"line":165,"column":26}},"21":{"start":{"line":175,"column":8},"end":{"line":175,"column":31}},"22":{"start":{"line":177,"column":8},"end":{"line":177,"column":50}},"23":{"start":{"line":185,"column":8},"end":{"line":185,"column":65}},"24":{"start":{"line":186,"column":8},"end":{"line":186,"column":72}},"25":{"start":{"line":190,"column":8},"end":{"line":190,"column":6084}},"26":{"start":{"line":191,"column":12},"end":{"line":191,"column":6151}},"27":{"start":{"line":193,"column":16},"end":{"line":193,"column":31}},"28":{"start":{"line":198,"column":8},"end":{"line":198,"column":52}},"29":{"start":{"line":202,"column":8},"end":{"line":202,"column":32}},"30":{"start":{"line":206,"column":8},"end":{"line":206,"column":25}},"31":{"start":{"line":210,"column":8},"end":{"line":210,"column":41}},"32":{"start":{"line":221,"column":8},"end":{"line":221,"column":54}},"33":{"start":{"line":222,"column":8},"end":{"line":222,"column":66}},"34":{"start":{"line":226,"column":8},"end":{"line":226,"column":36}},"35":{"start":{"line":244,"column":8},"end":{"line":244,"column":76}},"36":{"start":{"line":245,"column":8},"end":{"line":245,"column":86}},"37":{"start":{"line":246,"column":8},"end":{"line":246,"column":7893}},"38":{"start":{"line":251,"column":8},"end":{"line":251,"column":44}},"39":{"start":{"line":252,"column":8},"end":{"line":252,"column":71}},"40":{"start":{"line":254,"column":8},"end":{"line":254,"column":60}},"41":{"start":{"line":270,"column":8},"end":{"line":270,"column":8798}},"42":{"start":{"line":288,"column":8},"end":{"line":288,"column":58}},"43":{"start":{"line":290,"column":8},"end":{"line":290,"column":9299}},"44":{"start":{"line":294,"column":8},"end":{"line":294,"column":9418}},"45":{"start":{"line":302,"column":8},"end":{"line":302,"column":9638}},"46":{"start":{"line":308,"column":8},"end":{"line":308,"column":9775}},"47":{"start":{"line":326,"column":8},"end":{"line":326,"column":58}},"48":{"start":{"line":328,"column":8},"end":{"line":328,"column":10309}},"49":{"start":{"line":332,"column":8},"end":{"line":332,"column":10428}},"50":{"start":{"line":337,"column":8},"end":{"line":337,"column":70}},"51":{"start":{"line":338,"column":8},"end":{"line":338,"column":46}},"52":{"start":{"line":340,"column":8},"end":{"line":340,"column":10699}},"53":{"start":{"line":345,"column":8},"end":{"line":345,"column":10852}},"54":{"start":{"line":349,"column":8},"end":{"line":349,"column":10947}},"55":{"start":{"line":359,"column":8},"end":{"line":359,"column":78}},"56":{"start":{"line":360,"column":8},"end":{"line":360,"column":53}},"57":{"start":{"line":362,"column":8},"end":{"line":362,"column":11443}},"58":{"start":{"line":385,"column":8},"end":{"line":385,"column":58}},"59":{"start":{"line":386,"column":8},"end":{"line":386,"column":12087}},"60":{"start":{"line":404,"column":8},"end":{"line":404,"column":54}},"61":{"start":{"line":413,"column":8},"end":{"line":413,"column":58}},"62":{"start":{"line":415,"column":8},"end":{"line":415,"column":12849}},"63":{"start":{"line":416,"column":12},"end":{"line":416,"column":24}},"64":{"start":{"line":419,"column":8},"end":{"line":419,"column":70}},"65":{"start":{"line":421,"column":8},"end":{"line":421,"column":13033}},"66":{"start":{"line":422,"column":12},"end":{"line":422,"column":24}},"67":{"start":{"line":425,"column":8},"end":{"line":425,"column":46}},"68":{"start":{"line":427,"column":8},"end":{"line":427,"column":83}},"69":{"start":{"line":428,"column":8},"end":{"line":428,"column":86}},"70":{"start":{"line":430,"column":8},"end":{"line":430,"column":40}},"71":{"start":{"line":436,"column":8},"end":{"line":436,"column":87}},"72":{"start":{"line":437,"column":8},"end":{"line":437,"column":44}},"73":{"start":{"line":439,"column":8},"end":{"line":439,"column":67}},"74":{"start":{"line":443,"column":8},"end":{"line":443,"column":87}},"75":{"start":{"line":444,"column":8},"end":{"line":444,"column":48}},"76":{"start":{"line":446,"column":8},"end":{"line":446,"column":71}}},"branchMap":{"1":{"line":95,"type":"if","locations":[{"start":{"line":95,"column":8},"end":{"line":95,"column":8}},{"start":{"line":95,"column":8},"end":{"line":95,"column":8}}]},"2":{"line":100,"type":"if","locations":[{"start":{"line":100,"column":8},"end":{"line":100,"column":8}},{"start":{"line":100,"column":8},"end":{"line":100,"column":8}}]},"3":{"line":101,"type":"if","locations":[{"start":{"line":101,"column":8},"end":{"line":101,"column":8}},{"start":{"line":101,"column":8},"end":{"line":101,"column":8}}]},"4":{"line":106,"type":"if","locations":[{"start":{"line":106,"column":8},"end":{"line":106,"column":8}},{"start":{"line":106,"column":8},"end":{"line":106,"column":8}}]},"5":{"line":111,"type":"if","locations":[{"start":{"line":111,"column":8},"end":{"line":111,"column":8}},{"start":{"line":111,"column":8},"end":{"line":111,"column":8}}]},"6":{"line":112,"type":"if","locations":[{"start":{"line":112,"column":8},"end":{"line":112,"column":8}},{"start":{"line":112,"column":8},"end":{"line":112,"column":8}}]},"7":{"line":117,"type":"if","locations":[{"start":{"line":117,"column":8},"end":{"line":117,"column":8}},{"start":{"line":117,"column":8},"end":{"line":117,"column":8}}]},"8":{"line":118,"type":"if","locations":[{"start":{"line":118,"column":8},"end":{"line":118,"column":8}},{"start":{"line":118,"column":8},"end":{"line":118,"column":8}}]},"9":{"line":119,"type":"if","locations":[{"start":{"line":119,"column":8},"end":{"line":119,"column":8}},{"start":{"line":119,"column":8},"end":{"line":119,"column":8}}]},"10":{"line":125,"type":"if","locations":[{"start":{"line":125,"column":8},"end":{"line":125,"column":8}},{"start":{"line":125,"column":8},"end":{"line":125,"column":8}}]},"11":{"line":129,"type":"if","locations":[{"start":{"line":129,"column":8},"end":{"line":129,"column":8}},{"start":{"line":129,"column":8},"end":{"line":129,"column":8}}]},"12":{"line":144,"type":"if","locations":[{"start":{"line":144,"column":30},"end":{"line":144,"column":30}},{"start":{"line":144,"column":30},"end":{"line":144,"column":30}}]},"13":{"line":149,"type":"if","locations":[{"start":{"line":149,"column":32},"end":{"line":149,"column":32}},{"start":{"line":149,"column":32},"end":{"line":149,"column":32}}]},"14":{"line":158,"type":"if","locations":[{"start":{"line":158,"column":8},"end":{"line":158,"column":8}},{"start":{"line":158,"column":8},"end":{"line":158,"column":8}}]},"15":{"line":159,"type":"if","locations":[{"start":{"line":159,"column":8},"end":{"line":159,"column":8}},{"start":{"line":159,"column":8},"end":{"line":159,"column":8}}]},"16":{"line":160,"type":"if","locations":[{"start":{"line":160,"column":8},"end":{"line":160,"column":8}},{"start":{"line":160,"column":8},"end":{"line":160,"column":8}}]},"17":{"line":162,"type":"if","locations":[{"start":{"line":162,"column":8},"end":{"line":162,"column":8}},{"start":{"line":162,"column":8},"end":{"line":162,"column":8}}]},"18":{"line":163,"type":"if","locations":[{"start":{"line":163,"column":8},"end":{"line":163,"column":8}},{"start":{"line":163,"column":8},"end":{"line":163,"column":8}}]},"19":{"line":182,"type":"if","locations":[{"start":{"line":182,"column":8},"end":{"line":182,"column":8}},{"start":{"line":182,"column":8},"end":{"line":182,"column":8}}]},"20":{"line":183,"type":"if","locations":[{"start":{"line":183,"column":8},"end":{"line":183,"column":8}},{"start":{"line":183,"column":8},"end":{"line":183,"column":8}}]},"21":{"line":185,"type":"if","locations":[{"start":{"line":185,"column":8},"end":{"line":185,"column":8}},{"start":{"line":185,"column":8},"end":{"line":185,"column":8}}]},"22":{"line":186,"type":"if","locations":[{"start":{"line":186,"column":8},"end":{"line":186,"column":8}},{"start":{"line":186,"column":8},"end":{"line":186,"column":8}}]},"23":{"line":191,"type":"if","locations":[{"start":{"line":191,"column":12},"end":{"line":191,"column":12}},{"start":{"line":191,"column":12},"end":{"line":191,"column":12}}]},"24":{"line":216,"type":"if","locations":[{"start":{"line":216,"column":8},"end":{"line":216,"column":8}},{"start":{"line":216,"column":8},"end":{"line":216,"column":8}}]},"25":{"line":220,"type":"if","locations":[{"start":{"line":220,"column":32},"end":{"line":220,"column":32}},{"start":{"line":220,"column":32},"end":{"line":220,"column":32}}]},"26":{"line":221,"type":"if","locations":[{"start":{"line":221,"column":8},"end":{"line":221,"column":8}},{"start":{"line":221,"column":8},"end":{"line":221,"column":8}}]},"27":{"line":238,"type":"if","locations":[{"start":{"line":238,"column":8},"end":{"line":238,"column":8}},{"start":{"line":238,"column":8},"end":{"line":238,"column":8}}]},"28":{"line":239,"type":"if","locations":[{"start":{"line":239,"column":8},"end":{"line":239,"column":8}},{"start":{"line":239,"column":8},"end":{"line":239,"column":8}}]},"29":{"line":240,"type":"if","locations":[{"start":{"line":240,"column":8},"end":{"line":240,"column":8}},{"start":{"line":240,"column":8},"end":{"line":240,"column":8}}]},"30":{"line":241,"type":"if","locations":[{"start":{"line":241,"column":8},"end":{"line":241,"column":8}},{"start":{"line":241,"column":8},"end":{"line":241,"column":8}}]},"31":{"line":242,"type":"if","locations":[{"start":{"line":242,"column":8},"end":{"line":242,"column":8}},{"start":{"line":242,"column":8},"end":{"line":242,"column":8}}]},"32":{"line":244,"type":"if","locations":[{"start":{"line":244,"column":8},"end":{"line":244,"column":8}},{"start":{"line":244,"column":8},"end":{"line":244,"column":8}}]},"33":{"line":245,"type":"if","locations":[{"start":{"line":245,"column":8},"end":{"line":245,"column":8}},{"start":{"line":245,"column":8},"end":{"line":245,"column":8}}]},"34":{"line":246,"type":"if","locations":[{"start":{"line":246,"column":8},"end":{"line":246,"column":8}},{"start":{"line":246,"column":8},"end":{"line":246,"column":8}}]},"35":{"line":283,"type":"if","locations":[{"start":{"line":283,"column":8},"end":{"line":283,"column":8}},{"start":{"line":283,"column":8},"end":{"line":283,"column":8}}]},"36":{"line":284,"type":"if","locations":[{"start":{"line":284,"column":8},"end":{"line":284,"column":8}},{"start":{"line":284,"column":8},"end":{"line":284,"column":8}}]},"37":{"line":285,"type":"if","locations":[{"start":{"line":285,"column":8},"end":{"line":285,"column":8}},{"start":{"line":285,"column":8},"end":{"line":285,"column":8}}]},"38":{"line":286,"type":"if","locations":[{"start":{"line":286,"column":8},"end":{"line":286,"column":8}},{"start":{"line":286,"column":8},"end":{"line":286,"column":8}}]},"39":{"line":290,"type":"if","locations":[{"start":{"line":290,"column":8},"end":{"line":290,"column":8}},{"start":{"line":290,"column":8},"end":{"line":290,"column":8}}]},"40":{"line":294,"type":"if","locations":[{"start":{"line":294,"column":8},"end":{"line":294,"column":8}},{"start":{"line":294,"column":8},"end":{"line":294,"column":8}}]},"41":{"line":302,"type":"if","locations":[{"start":{"line":302,"column":8},"end":{"line":302,"column":8}},{"start":{"line":302,"column":8},"end":{"line":302,"column":8}}]},"42":{"line":320,"type":"if","locations":[{"start":{"line":320,"column":8},"end":{"line":320,"column":8}},{"start":{"line":320,"column":8},"end":{"line":320,"column":8}}]},"43":{"line":321,"type":"if","locations":[{"start":{"line":321,"column":8},"end":{"line":321,"column":8}},{"start":{"line":321,"column":8},"end":{"line":321,"column":8}}]},"44":{"line":322,"type":"if","locations":[{"start":{"line":322,"column":8},"end":{"line":322,"column":8}},{"start":{"line":322,"column":8},"end":{"line":322,"column":8}}]},"45":{"line":323,"type":"if","locations":[{"start":{"line":323,"column":8},"end":{"line":323,"column":8}},{"start":{"line":323,"column":8},"end":{"line":323,"column":8}}]},"46":{"line":324,"type":"if","locations":[{"start":{"line":324,"column":8},"end":{"line":324,"column":8}},{"start":{"line":324,"column":8},"end":{"line":324,"column":8}}]},"47":{"line":328,"type":"if","locations":[{"start":{"line":328,"column":8},"end":{"line":328,"column":8}},{"start":{"line":328,"column":8},"end":{"line":328,"column":8}}]},"48":{"line":332,"type":"if","locations":[{"start":{"line":332,"column":8},"end":{"line":332,"column":8}},{"start":{"line":332,"column":8},"end":{"line":332,"column":8}}]},"49":{"line":340,"type":"if","locations":[{"start":{"line":340,"column":8},"end":{"line":340,"column":8}},{"start":{"line":340,"column":8},"end":{"line":340,"column":8}}]},"50":{"line":345,"type":"if","locations":[{"start":{"line":345,"column":8},"end":{"line":345,"column":8}},{"start":{"line":345,"column":8},"end":{"line":345,"column":8}}]},"51":{"line":349,"type":"if","locations":[{"start":{"line":349,"column":8},"end":{"line":349,"column":8}},{"start":{"line":349,"column":8},"end":{"line":349,"column":8}}]},"52":{"line":360,"type":"if","locations":[{"start":{"line":360,"column":8},"end":{"line":360,"column":8}},{"start":{"line":360,"column":8},"end":{"line":360,"column":8}}]},"53":{"line":373,"type":"if","locations":[{"start":{"line":373,"column":8},"end":{"line":373,"column":8}},{"start":{"line":373,"column":8},"end":{"line":373,"column":8}}]},"54":{"line":401,"type":"if","locations":[{"start":{"line":401,"column":8},"end":{"line":401,"column":8}},{"start":{"line":401,"column":8},"end":{"line":401,"column":8}}]},"55":{"line":410,"type":"if","locations":[{"start":{"line":410,"column":8},"end":{"line":410,"column":8}},{"start":{"line":410,"column":8},"end":{"line":410,"column":8}}]},"56":{"line":415,"type":"if","locations":[{"start":{"line":415,"column":8},"end":{"line":415,"column":8}},{"start":{"line":415,"column":8},"end":{"line":415,"column":8}}]},"57":{"line":421,"type":"if","locations":[{"start":{"line":421,"column":8},"end":{"line":421,"column":8}},{"start":{"line":421,"column":8},"end":{"line":421,"column":8}}]},"58":{"line":435,"type":"if","locations":[{"start":{"line":435,"column":63},"end":{"line":435,"column":63}},{"start":{"line":435,"column":63},"end":{"line":435,"column":63}}]},"59":{"line":436,"type":"if","locations":[{"start":{"line":436,"column":8},"end":{"line":436,"column":8}},{"start":{"line":436,"column":8},"end":{"line":436,"column":8}}]},"60":{"line":442,"type":"if","locations":[{"start":{"line":442,"column":65},"end":{"line":442,"column":65}},{"start":{"line":442,"column":65},"end":{"line":442,"column":65}}]},"61":{"line":443,"type":"if","locations":[{"start":{"line":443,"column":8},"end":{"line":443,"column":8}},{"start":{"line":443,"column":8},"end":{"line":443,"column":8}}]}}}}