{"contracts\\openzeppelin\\contracts\\access\\Ownable.sol":{"l":{"39":0,"40":0,"42":0,"49":0,"50":0,"57":0,"64":0,"65":0,"77":0,"85":0,"86":0,"88":0,"96":0,"97":0,"98":0},"path":"C:\\Users\\Chaima BEN AYED\\Desktop\\remix_safe_club\\Team_Blockchainorigin - Copie\\contracts\\openzeppelin\\contracts\\access\\Ownable.sol","s":{"1":0,"2":0,"3":0,"4":0,"5":0,"6":0,"7":0,"8":0,"9":0,"10":0},"b":{"1":[0,0],"2":[0,0],"3":[0,0],"4":[0,0],"5":[0,0]},"f":{"1":0,"2":0,"3":0,"4":0,"5":0,"6":0,"7":0},"fnMap":{"1":{"name":"constructor","line":38,"loc":{"start":{"line":38,"column":4},"end":{"line":43,"column":4}}},"2":{"name":"onlyOwner","line":48,"loc":{"start":{"line":48,"column":4},"end":{"line":51,"column":4}}},"3":{"name":"owner","line":56,"loc":{"start":{"line":56,"column":4},"end":{"line":58,"column":4}}},"4":{"name":"_checkOwner","line":63,"loc":{"start":{"line":63,"column":4},"end":{"line":67,"column":4}}},"5":{"name":"renounceOwnership","line":76,"loc":{"start":{"line":76,"column":4},"end":{"line":78,"column":4}}},"6":{"name":"transferOwnership","line":84,"loc":{"start":{"line":84,"column":4},"end":{"line":89,"column":4}}},"7":{"name":"_transferOwnership","line":95,"loc":{"start":{"line":95,"column":4},"end":{"line":99,"column":4}}}},"statementMap":{"1":{"start":{"line":39,"column":8},"end":{"line":39,"column":1316}},"2":{"start":{"line":42,"column":8},"end":{"line":42,"column":39}},"3":{"start":{"line":49,"column":8},"end":{"line":49,"column":20}},"4":{"start":{"line":57,"column":8},"end":{"line":57,"column":21}},"5":{"start":{"line":64,"column":8},"end":{"line":64,"column":1923}},"6":{"start":{"line":77,"column":8},"end":{"line":77,"column":37}},"7":{"start":{"line":85,"column":8},"end":{"line":85,"column":2716}},"8":{"start":{"line":88,"column":8},"end":{"line":88,"column":35}},"9":{"start":{"line":96,"column":8},"end":{"line":96,"column":33}},"10":{"start":{"line":98,"column":8},"end":{"line":98,"column":53}}},"branchMap":{"1":{"line":39,"type":"if","locations":[{"start":{"line":39,"column":8},"end":{"line":39,"column":8}},{"start":{"line":39,"column":8},"end":{"line":39,"column":8}}]},"2":{"line":64,"type":"if","locations":[{"start":{"line":64,"column":8},"end":{"line":64,"column":8}},{"start":{"line":64,"column":8},"end":{"line":64,"column":8}}]},"3":{"line":76,"type":"if","locations":[{"start":{"line":76,"column":48},"end":{"line":76,"column":48}},{"start":{"line":76,"column":48},"end":{"line":76,"column":48}}]},"4":{"line":84,"type":"if","locations":[{"start":{"line":84,"column":64},"end":{"line":84,"column":64}},{"start":{"line":84,"column":64},"end":{"line":84,"column":64}}]},"5":{"line":85,"type":"if","locations":[{"start":{"line":85,"column":8},"end":{"line":85,"column":8}},{"start":{"line":85,"column":8},"end":{"line":85,"column":8}}]}}},"contracts\\openzeppelin\\contracts\\security\\ReentrancyGuard.sol":{"l":{"40":0,"51":0,"52":0,"53":0,"58":0,"61":0,"67":0,"75":0},"path":"C:\\Users\\Chaima BEN AYED\\Desktop\\remix_safe_club\\Team_Blockchainorigin - Copie\\contracts\\openzeppelin\\contracts\\security\\ReentrancyGuard.sol","s":{"1":0,"2":0,"3":0,"4":0},"b":{"1":[0,0]},"f":{"1":0,"2":0,"3":0,"4":0,"5":0},"fnMap":{"1":{"name":"constructor","line":39,"loc":{"start":{"line":39,"column":4},"end":{"line":41,"column":4}}},"2":{"name":"nonReentrant","line":50,"loc":{"start":{"line":50,"column":4},"end":{"line":54,"column":4}}},"3":{"name":"_nonReentrantBefore","line":56,"loc":{"start":{"line":56,"column":4},"end":{"line":62,"column":4}}},"4":{"name":"_nonReentrantAfter","line":64,"loc":{"start":{"line":64,"column":4},"end":{"line":68,"column":4}}},"5":{"name":"_reentrancyGuardEntered","line":74,"loc":{"start":{"line":74,"column":4},"end":{"line":76,"column":4}}}},"statementMap":{"1":{"start":{"line":51,"column":8},"end":{"line":51,"column":28}},"2":{"start":{"line":53,"column":8},"end":{"line":53,"column":27}},"3":{"start":{"line":58,"column":8},"end":{"line":58,"column":70}},"4":{"start":{"line":75,"column":8},"end":{"line":75,"column":34}}},"branchMap":{"1":{"line":58,"type":"if","locations":[{"start":{"line":58,"column":8},"end":{"line":58,"column":8}},{"start":{"line":58,"column":8},"end":{"line":58,"column":8}}]}}},"contracts\\openzeppelin\\contracts\\utils\\Context.sol":{"l":{"18":0,"22":0,"26":0},"path":"C:\\Users\\Chaima BEN AYED\\Desktop\\remix_safe_club\\Team_Blockchainorigin - Copie\\contracts\\openzeppelin\\contracts\\utils\\Context.sol","s":{"1":0,"2":0,"3":0},"b":{},"f":{"1":0,"2":0,"3":0},"fnMap":{"1":{"name":"_msgSender","line":17,"loc":{"start":{"line":17,"column":4},"end":{"line":19,"column":4}}},"2":{"name":"_msgData","line":21,"loc":{"start":{"line":21,"column":4},"end":{"line":23,"column":4}}},"3":{"name":"_contextSuffixLength","line":25,"loc":{"start":{"line":25,"column":4},"end":{"line":27,"column":4}}}},"statementMap":{"1":{"start":{"line":18,"column":8},"end":{"line":18,"column":25}},"2":{"start":{"line":22,"column":8},"end":{"line":22,"column":23}},"3":{"start":{"line":26,"column":8},"end":{"line":26,"column":16}}},"branchMap":{}},"contracts\\openzeppelin\\contracts\\utils\\ReentrancyGuard.sol":{"l":{"59":0,"70":0,"71":0,"72":0,"84":0,"85":0,"89":0,"90":0,"96":0,"99":0,"105":0,"113":0,"117":0},"path":"C:\\Users\\Chaima BEN AYED\\Desktop\\remix_safe_club\\Team_Blockchainorigin - Copie\\contracts\\openzeppelin\\contracts\\utils\\ReentrancyGuard.sol","s":{"1":0,"2":0,"3":0,"4":0,"5":0,"6":0,"7":0},"b":{"1":[0,0]},"f":{"1":0,"2":0,"3":0,"4":0,"5":0,"6":0,"7":0,"8":0},"fnMap":{"1":{"name":"constructor","line":58,"loc":{"start":{"line":58,"column":4},"end":{"line":60,"column":4}}},"2":{"name":"nonReentrant","line":69,"loc":{"start":{"line":69,"column":4},"end":{"line":73,"column":4}}},"3":{"name":"nonReentrantView","line":83,"loc":{"start":{"line":83,"column":4},"end":{"line":86,"column":4}}},"4":{"name":"_nonReentrantBeforeView","line":88,"loc":{"start":{"line":88,"column":4},"end":{"line":92,"column":4}}},"5":{"name":"_nonReentrantBefore","line":94,"loc":{"start":{"line":94,"column":4},"end":{"line":100,"column":4}}},"6":{"name":"_nonReentrantAfter","line":102,"loc":{"start":{"line":102,"column":4},"end":{"line":106,"column":4}}},"7":{"name":"_reentrancyGuardEntered","line":112,"loc":{"start":{"line":112,"column":4},"end":{"line":114,"column":4}}},"8":{"name":"_reentrancyGuardStorageSlot","line":116,"loc":{"start":{"line":116,"column":4},"end":{"line":118,"column":4}}}},"statementMap":{"1":{"start":{"line":70,"column":8},"end":{"line":70,"column":28}},"2":{"start":{"line":72,"column":8},"end":{"line":72,"column":27}},"3":{"start":{"line":84,"column":8},"end":{"line":84,"column":32}},"4":{"start":{"line":89,"column":8},"end":{"line":89,"column":3741}},"5":{"start":{"line":96,"column":8},"end":{"line":96,"column":32}},"6":{"start":{"line":113,"column":8},"end":{"line":113,"column":78}},"7":{"start":{"line":117,"column":8},"end":{"line":117,"column":39}}},"branchMap":{"1":{"line":89,"type":"if","locations":[{"start":{"line":89,"column":8},"end":{"line":89,"column":8}},{"start":{"line":89,"column":8},"end":{"line":89,"column":8}}]}}},"contracts\\openzeppelin\\contracts\\utils\\StorageSlot.sol":{"l":{"67":0,"76":0,"85":0,"94":0,"103":0,"112":0,"121":0,"130":0,"139":0},"path":"C:\\Users\\Chaima BEN AYED\\Desktop\\remix_safe_club\\Team_Blockchainorigin - Copie\\contracts\\openzeppelin\\contracts\\utils\\StorageSlot.sol","s":{},"b":{},"f":{"1":0,"2":0,"3":0,"4":0,"5":0,"6":0,"7":0,"8":0,"9":0},"fnMap":{"1":{"name":"getAddressSlot","line":66,"loc":{"start":{"line":66,"column":4},"end":{"line":70,"column":4}}},"2":{"name":"getBooleanSlot","line":75,"loc":{"start":{"line":75,"column":4},"end":{"line":79,"column":4}}},"3":{"name":"getBytes32Slot","line":84,"loc":{"start":{"line":84,"column":4},"end":{"line":88,"column":4}}},"4":{"name":"getUint256Slot","line":93,"loc":{"start":{"line":93,"column":4},"end":{"line":97,"column":4}}},"5":{"name":"getInt256Slot","line":102,"loc":{"start":{"line":102,"column":4},"end":{"line":106,"column":4}}},"6":{"name":"getStringSlot","line":111,"loc":{"start":{"line":111,"column":4},"end":{"line":115,"column":4}}},"7":{"name":"getStringSlot","line":120,"loc":{"start":{"line":120,"column":4},"end":{"line":124,"column":4}}},"8":{"name":"getBytesSlot","line":129,"loc":{"start":{"line":129,"column":4},"end":{"line":133,"column":4}}},"9":{"name":"getBytesSlot","line":138,"loc":{"start":{"line":138,"column":4},"end":{"line":142,"column":4}}}},"statementMap":{},"branchMap":{}},"contracts\\SafeClub.sol":{"l":{"71":36,"72":33,"76":31,"77":31,"81":22,"82":21,"89":10,"99":16,"100":15,"102":14,"109":24,"113":24,"115":24,"123":2,"124":2,"126":1,"129":1,"130":2,"131":1,"132":1,"133":1,"137":1,"144":10,"151":1,"158":3,"167":12,"174":0,"181":5,"199":11,"200":10,"201":9,"202":8,"203":8,"205":8,"206":8,"208":8,"209":8,"210":8,"211":8,"212":8,"213":8,"214":8,"215":8,"216":8,"217":8,"219":8,"239":15,"241":15,"242":14,"244":13,"246":13,"247":10,"249":3,"252":13,"266":6,"268":6,"269":5,"271":5,"272":5,"275":5,"281":5,"287":4,"290":4,"291":4,"293":4,"314":5,"315":5,"336":3,"348":1,"350":1,"351":0,"354":1,"355":1,"358":1,"359":1,"361":1,"370":2,"371":1,"378":2,"379":1},"path":"C:\\Users\\Chaima BEN AYED\\Desktop\\remix_safe_club\\Team_Blockchainorigin - Copie\\contracts\\SafeClub.sol","s":{"1":36,"2":31,"3":22,"4":10,"5":16,"6":15,"7":14,"8":24,"9":24,"10":2,"11":2,"12":1,"13":2,"14":1,"15":1,"16":10,"17":1,"18":3,"19":0,"20":5,"21":11,"22":10,"23":9,"24":8,"25":8,"26":8,"27":8,"28":8,"29":8,"30":15,"31":15,"32":14,"33":13,"34":13,"35":6,"36":6,"37":5,"38":5,"39":5,"40":5,"41":5,"42":4,"43":4,"44":4,"45":5,"46":5,"47":3,"48":1,"49":1,"50":0,"51":1,"52":1,"53":1,"54":1,"55":1,"56":2,"57":2},"b":{"1":[33,3],"2":[31,0],"3":[21,1],"4":[16,1],"5":[15,1],"6":[14,1],"7":[2,0],"8":[2,0],"9":[1,1],"10":[1,1],"11":[11,1],"12":[10,1],"13":[9,1],"14":[8,1],"15":[8,0],"16":[8,0],"17":[15,1],"18":[15,0],"19":[15,0],"20":[14,1],"21":[13,1],"22":[10,3],"23":[7,1],"24":[7,0],"25":[6,1],"26":[6,0],"27":[5,1],"28":[5,0],"29":[5,0],"30":[4,1],"31":[4,0],"32":[5,0],"33":[3,0],"34":[1,0],"35":[0,1],"36":[2,0],"37":[1,1],"38":[2,0],"39":[1,1]},"f":{"1":36,"2":31,"3":22,"4":10,"5":16,"6":24,"7":2,"8":10,"9":1,"10":3,"11":0,"12":5,"13":11,"14":15,"15":6,"16":5,"17":3,"18":1,"19":2,"20":2},"fnMap":{"1":{"name":"onlyMember","line":70,"loc":{"start":{"line":70,"column":4},"end":{"line":73,"column":4}}},"2":{"name":"proposalExists","line":75,"loc":{"start":{"line":75,"column":4},"end":{"line":78,"column":4}}},"3":{"name":"notExecuted","line":80,"loc":{"start":{"line":80,"column":4},"end":{"line":83,"column":4}}},"4":{"name":"constructor","line":87,"loc":{"start":{"line":87,"column":4},"end":{"line":90,"column":4}}},"5":{"name":"addMember","line":98,"loc":{"start":{"line":98,"column":4},"end":{"line":103,"column":4}}},"6":{"name":"_addMember","line":108,"loc":{"start":{"line":108,"column":4},"end":{"line":116,"column":4}}},"7":{"name":"removeMember","line":122,"loc":{"start":{"line":122,"column":4},"end":{"line":138,"column":4}}},"8":{"name":"getMemberCount","line":143,"loc":{"start":{"line":143,"column":4},"end":{"line":145,"column":4}}},"9":{"name":"getAllMembers","line":150,"loc":{"start":{"line":150,"column":4},"end":{"line":152,"column":4}}},"10":{"name":"isMember","line":157,"loc":{"start":{"line":157,"column":4},"end":{"line":159,"column":4}}},"11":{"name":null,"line":173,"loc":{"start":{"line":173,"column":4},"end":{"line":175,"column":4}}},"12":{"name":"getBalance","line":180,"loc":{"start":{"line":180,"column":4},"end":{"line":182,"column":4}}},"13":{"name":"createProposal","line":198,"loc":{"start":{"line":193,"column":4},"end":{"line":226,"column":4}}},"14":{"name":"vote","line":237,"loc":{"start":{"line":233,"column":4},"end":{"line":253,"column":4}}},"15":{"name":"executeProposal","line":264,"loc":{"start":{"line":259,"column":4},"end":{"line":294,"column":4}}},"16":{"name":"getProposal","line":302,"loc":{"start":{"line":299,"column":4},"end":{"line":325,"column":4}}},"17":{"name":"hasVoted","line":333,"loc":{"start":{"line":330,"column":4},"end":{"line":337,"column":4}}},"18":{"name":"isProposalApproved","line":345,"loc":{"start":{"line":342,"column":4},"end":{"line":362,"column":4}}},"19":{"name":"setQuorumPercentage","line":369,"loc":{"start":{"line":369,"column":4},"end":{"line":372,"column":4}}},"20":{"name":"setApprovalPercentage","line":377,"loc":{"start":{"line":377,"column":4},"end":{"line":380,"column":4}}}},"statementMap":{"1":{"start":{"line":71,"column":8},"end":{"line":71,"column":84}},"2":{"start":{"line":76,"column":8},"end":{"line":76,"column":72}},"3":{"start":{"line":81,"column":8},"end":{"line":81,"column":77}},"4":{"start":{"line":89,"column":8},"end":{"line":89,"column":29}},"5":{"start":{"line":99,"column":8},"end":{"line":99,"column":57}},"6":{"start":{"line":100,"column":8},"end":{"line":100,"column":63}},"7":{"start":{"line":102,"column":8},"end":{"line":102,"column":26}},"8":{"start":{"line":113,"column":8},"end":{"line":113,"column":31}},"9":{"start":{"line":115,"column":8},"end":{"line":115,"column":50}},"10":{"start":{"line":123,"column":8},"end":{"line":123,"column":61}},"11":{"start":{"line":124,"column":8},"end":{"line":124,"column":75}},"12":{"start":{"line":129,"column":8},"end":{"line":129,"column":3883}},"13":{"start":{"line":130,"column":12},"end":{"line":130,"column":3950}},"14":{"start":{"line":132,"column":16},"end":{"line":132,"column":31}},"15":{"start":{"line":137,"column":8},"end":{"line":137,"column":52}},"16":{"start":{"line":144,"column":8},"end":{"line":144,"column":32}},"17":{"start":{"line":151,"column":8},"end":{"line":151,"column":25}},"18":{"start":{"line":158,"column":8},"end":{"line":158,"column":41}},"19":{"start":{"line":174,"column":8},"end":{"line":174,"column":49}},"20":{"start":{"line":181,"column":8},"end":{"line":181,"column":36}},"21":{"start":{"line":199,"column":8},"end":{"line":199,"column":65}},"22":{"start":{"line":200,"column":8},"end":{"line":200,"column":62}},"23":{"start":{"line":201,"column":8},"end":{"line":201,"column":70}},"24":{"start":{"line":202,"column":8},"end":{"line":202,"column":53}},"25":{"start":{"line":203,"column":8},"end":{"line":203,"column":69}},"26":{"start":{"line":205,"column":8},"end":{"line":205,"column":44}},"27":{"start":{"line":206,"column":8},"end":{"line":206,"column":71}},"28":{"start":{"line":208,"column":8},"end":{"line":208,"column":60}},"29":{"start":{"line":219,"column":8},"end":{"line":219,"column":6800}},"30":{"start":{"line":239,"column":8},"end":{"line":239,"column":58}},"31":{"start":{"line":241,"column":8},"end":{"line":241,"column":68}},"32":{"start":{"line":242,"column":8},"end":{"line":242,"column":70}},"33":{"start":{"line":246,"column":8},"end":{"line":246,"column":7633}},"34":{"start":{"line":252,"column":8},"end":{"line":252,"column":56}},"35":{"start":{"line":266,"column":8},"end":{"line":266,"column":58}},"36":{"start":{"line":268,"column":8},"end":{"line":268,"column":68}},"37":{"start":{"line":269,"column":8},"end":{"line":269,"column":78}},"38":{"start":{"line":271,"column":8},"end":{"line":271,"column":70}},"39":{"start":{"line":272,"column":8},"end":{"line":272,"column":46}},"40":{"start":{"line":275,"column":8},"end":{"line":275,"column":8559}},"41":{"start":{"line":281,"column":8},"end":{"line":281,"column":8744}},"42":{"start":{"line":290,"column":8},"end":{"line":290,"column":78}},"43":{"start":{"line":291,"column":8},"end":{"line":291,"column":43}},"44":{"start":{"line":293,"column":8},"end":{"line":293,"column":79}},"45":{"start":{"line":314,"column":8},"end":{"line":314,"column":58}},"46":{"start":{"line":315,"column":8},"end":{"line":315,"column":9823}},"47":{"start":{"line":336,"column":8},"end":{"line":336,"column":54}},"48":{"start":{"line":348,"column":8},"end":{"line":348,"column":58}},"49":{"start":{"line":350,"column":8},"end":{"line":350,"column":10737}},"50":{"start":{"line":351,"column":12},"end":{"line":351,"column":24}},"51":{"start":{"line":354,"column":8},"end":{"line":354,"column":70}},"52":{"start":{"line":355,"column":8},"end":{"line":355,"column":46}},"53":{"start":{"line":358,"column":8},"end":{"line":358,"column":83}},"54":{"start":{"line":359,"column":8},"end":{"line":359,"column":86}},"55":{"start":{"line":361,"column":8},"end":{"line":361,"column":40}},"56":{"start":{"line":370,"column":8},"end":{"line":370,"column":77}},"57":{"start":{"line":378,"column":8},"end":{"line":378,"column":77}}},"branchMap":{"1":{"line":71,"type":"if","locations":[{"start":{"line":71,"column":8},"end":{"line":71,"column":8}},{"start":{"line":71,"column":8},"end":{"line":71,"column":8}}]},"2":{"line":76,"type":"if","locations":[{"start":{"line":76,"column":8},"end":{"line":76,"column":8}},{"start":{"line":76,"column":8},"end":{"line":76,"column":8}}]},"3":{"line":81,"type":"if","locations":[{"start":{"line":81,"column":8},"end":{"line":81,"column":8}},{"start":{"line":81,"column":8},"end":{"line":81,"column":8}}]},"4":{"line":98,"type":"if","locations":[{"start":{"line":98,"column":49},"end":{"line":98,"column":49}},{"start":{"line":98,"column":49},"end":{"line":98,"column":49}}]},"5":{"line":99,"type":"if","locations":[{"start":{"line":99,"column":8},"end":{"line":99,"column":8}},{"start":{"line":99,"column":8},"end":{"line":99,"column":8}}]},"6":{"line":100,"type":"if","locations":[{"start":{"line":100,"column":8},"end":{"line":100,"column":8}},{"start":{"line":100,"column":8},"end":{"line":100,"column":8}}]},"7":{"line":122,"type":"if","locations":[{"start":{"line":122,"column":52},"end":{"line":122,"column":52}},{"start":{"line":122,"column":52},"end":{"line":122,"column":52}}]},"8":{"line":123,"type":"if","locations":[{"start":{"line":123,"column":8},"end":{"line":123,"column":8}},{"start":{"line":123,"column":8},"end":{"line":123,"column":8}}]},"9":{"line":124,"type":"if","locations":[{"start":{"line":124,"column":8},"end":{"line":124,"column":8}},{"start":{"line":124,"column":8},"end":{"line":124,"column":8}}]},"10":{"line":130,"type":"if","locations":[{"start":{"line":130,"column":12},"end":{"line":130,"column":12}},{"start":{"line":130,"column":12},"end":{"line":130,"column":12}}]},"11":{"line":198,"type":"if","locations":[{"start":{"line":198,"column":15},"end":{"line":198,"column":15}},{"start":{"line":198,"column":15},"end":{"line":198,"column":15}}]},"12":{"line":199,"type":"if","locations":[{"start":{"line":199,"column":8},"end":{"line":199,"column":8}},{"start":{"line":199,"column":8},"end":{"line":199,"column":8}}]},"13":{"line":200,"type":"if","locations":[{"start":{"line":200,"column":8},"end":{"line":200,"column":8}},{"start":{"line":200,"column":8},"end":{"line":200,"column":8}}]},"14":{"line":201,"type":"if","locations":[{"start":{"line":201,"column":8},"end":{"line":201,"column":8}},{"start":{"line":201,"column":8},"end":{"line":201,"column":8}}]},"15":{"line":202,"type":"if","locations":[{"start":{"line":202,"column":8},"end":{"line":202,"column":8}},{"start":{"line":202,"column":8},"end":{"line":202,"column":8}}]},"16":{"line":203,"type":"if","locations":[{"start":{"line":203,"column":8},"end":{"line":203,"column":8}},{"start":{"line":203,"column":8},"end":{"line":203,"column":8}}]},"17":{"line":235,"type":"if","locations":[{"start":{"line":235,"column":8},"end":{"line":235,"column":8}},{"start":{"line":235,"column":8},"end":{"line":235,"column":8}}]},"18":{"line":236,"type":"if","locations":[{"start":{"line":236,"column":8},"end":{"line":236,"column":8}},{"start":{"line":236,"column":8},"end":{"line":236,"column":8}}]},"19":{"line":237,"type":"if","locations":[{"start":{"line":237,"column":8},"end":{"line":237,"column":8}},{"start":{"line":237,"column":8},"end":{"line":237,"column":8}}]},"20":{"line":241,"type":"if","locations":[{"start":{"line":241,"column":8},"end":{"line":241,"column":8}},{"start":{"line":241,"column":8},"end":{"line":241,"column":8}}]},"21":{"line":242,"type":"if","locations":[{"start":{"line":242,"column":8},"end":{"line":242,"column":8}},{"start":{"line":242,"column":8},"end":{"line":242,"column":8}}]},"22":{"line":246,"type":"if","locations":[{"start":{"line":246,"column":8},"end":{"line":246,"column":8}},{"start":{"line":246,"column":8},"end":{"line":246,"column":8}}]},"23":{"line":261,"type":"if","locations":[{"start":{"line":261,"column":8},"end":{"line":261,"column":8}},{"start":{"line":261,"column":8},"end":{"line":261,"column":8}}]},"24":{"line":262,"type":"if","locations":[{"start":{"line":262,"column":8},"end":{"line":262,"column":8}},{"start":{"line":262,"column":8},"end":{"line":262,"column":8}}]},"25":{"line":263,"type":"if","locations":[{"start":{"line":263,"column":8},"end":{"line":263,"column":8}},{"start":{"line":263,"column":8},"end":{"line":263,"column":8}}]},"26":{"line":264,"type":"if","locations":[{"start":{"line":264,"column":8},"end":{"line":264,"column":8}},{"start":{"line":264,"column":8},"end":{"line":264,"column":8}}]},"27":{"line":268,"type":"if","locations":[{"start":{"line":268,"column":8},"end":{"line":268,"column":8}},{"start":{"line":268,"column":8},"end":{"line":268,"column":8}}]},"28":{"line":269,"type":"if","locations":[{"start":{"line":269,"column":8},"end":{"line":269,"column":8}},{"start":{"line":269,"column":8},"end":{"line":269,"column":8}}]},"29":{"line":275,"type":"if","locations":[{"start":{"line":275,"column":8},"end":{"line":275,"column":8}},{"start":{"line":275,"column":8},"end":{"line":275,"column":8}}]},"30":{"line":281,"type":"if","locations":[{"start":{"line":281,"column":8},"end":{"line":281,"column":8}},{"start":{"line":281,"column":8},"end":{"line":281,"column":8}}]},"31":{"line":291,"type":"if","locations":[{"start":{"line":291,"column":8},"end":{"line":291,"column":8}},{"start":{"line":291,"column":8},"end":{"line":291,"column":8}}]},"32":{"line":302,"type":"if","locations":[{"start":{"line":302,"column":8},"end":{"line":302,"column":8}},{"start":{"line":302,"column":8},"end":{"line":302,"column":8}}]},"33":{"line":333,"type":"if","locations":[{"start":{"line":333,"column":8},"end":{"line":333,"column":8}},{"start":{"line":333,"column":8},"end":{"line":333,"column":8}}]},"34":{"line":345,"type":"if","locations":[{"start":{"line":345,"column":8},"end":{"line":345,"column":8}},{"start":{"line":345,"column":8},"end":{"line":345,"column":8}}]},"35":{"line":350,"type":"if","locations":[{"start":{"line":350,"column":8},"end":{"line":350,"column":8}},{"start":{"line":350,"column":8},"end":{"line":350,"column":8}}]},"36":{"line":369,"type":"if","locations":[{"start":{"line":369,"column":63},"end":{"line":369,"column":63}},{"start":{"line":369,"column":63},"end":{"line":369,"column":63}}]},"37":{"line":370,"type":"if","locations":[{"start":{"line":370,"column":8},"end":{"line":370,"column":8}},{"start":{"line":370,"column":8},"end":{"line":370,"column":8}}]},"38":{"line":377,"type":"if","locations":[{"start":{"line":377,"column":65},"end":{"line":377,"column":65}},{"start":{"line":377,"column":65},"end":{"line":377,"column":65}}]},"39":{"line":378,"type":"if","locations":[{"start":{"line":378,"column":8},"end":{"line":378,"column":8}},{"start":{"line":378,"column":8},"end":{"line":378,"column":8}}]}}}}