TN:
SF:C:\Users\Chaima BEN AYED\Music\Team_Blockchainorigin - prepord\contracts\ReentrancyAttacker.sol
FN:31,constructor
FN:62,getBalance
FN:67,withdraw
FNF:3
FNH:1
FNDA:1,constructor
FNDA:0,getBalance
FNDA:0,withdraw
DA:32,1
DA:33,1
DA:41,1
DA:43,1
DA:44,1
DA:45,1
DA:48,1
DA:52,1
DA:54,0
DA:57,0
DA:63,0
DA:68,0
DA:69,0
DA:71,0
DA:72,0
LF:15
LH:8
BRDA:32,1,0,1
BRDA:32,1,1,0
BRDA:43,2,0,1
BRDA:43,2,1,0
BRDA:69,3,0,0
BRDA:69,3,1,0
BRDA:72,4,0,0
BRDA:72,4,1,0
BRF:8
BRH:2
end_of_record
TN:
SF:C:\Users\Chaima BEN AYED\Music\Team_Blockchainorigin - prepord\contracts\SafeClub.sol
FN:94,onlyMember
FN:99,proposalExists
FN:105,notExecuted
FN:110,validAddress
FN:116,validAmount
FN:123,validDuration
FN:138,constructor
FN:144,pause
FN:149,unpause
FN:160,addMember
FN:168,_addMember
FN:183,removeMember
FN:201,getMemberCount
FN:205,getAllMembers
FN:209,isMember
FN:220,
FN:225,getBalance
FN:242,createProposal
FN:286,vote
FN:324,executeProposal
FN:373,getProposal
FN:401,hasVoted
FN:410,isProposalApproved
FN:435,setQuorumPercentage
FN:442,setApprovalPercentage
FNF:25
FNH:19
FNDA:69,onlyMember
FNDA:31,proposalExists
FNDA:27,notExecuted
FNDA:153,validAddress
FNDA:36,validAmount
FNDA:33,validDuration
FNDA:1,constructor
FNDA:3,pause
FNDA:1,unpause
FNDA:113,addMember
FNDA:113,_addMember
FNDA:1,removeMember
FNDA:8,getMemberCount
FNDA:0,getAllMembers
FNDA:0,isMember
FNDA:0,
FNDA:1,getBalance
FNDA:33,createProposal
FNDA:19,vote
FNDA:7,executeProposal
FNDA:3,getProposal
FNDA:0,hasVoted
FNDA:1,isProposalApproved
FNDA:0,setQuorumPercentage
FNDA:0,setApprovalPercentage
DA:95,69
DA:96,65
DA:100,31
DA:101,31
DA:102,31
DA:106,27
DA:107,26
DA:111,153
DA:112,151
DA:113,150
DA:117,36
DA:118,35
DA:119,34
DA:120,33
DA:124,33
DA:125,33
DA:129,33
DA:133,33
DA:139,1
DA:145,3
DA:146,3
DA:150,1
DA:151,1
DA:162,113
DA:163,113
DA:165,112
DA:169,113
DA:175,113
DA:177,113
DA:185,1
DA:186,1
DA:188,0
DA:190,0
DA:191,0
DA:192,0
DA:193,0
DA:194,0
DA:198,0
DA:202,8
DA:206,0
DA:210,0
DA:216,18
DA:217,18
DA:221,0
DA:222,0
DA:226,1
DA:244,33
DA:245,33
DA:246,32
DA:251,31
DA:252,31
DA:254,31
DA:255,31
DA:256,31
DA:257,31
DA:258,31
DA:259,31
DA:260,31
DA:261,31
DA:262,31
DA:263,31
DA:264,31
DA:265,31
DA:267,31
DA:268,31
DA:270,31
DA:288,19
DA:290,19
DA:294,18
DA:299,17
DA:300,17
DA:302,17
DA:303,15
DA:305,2
DA:308,17
DA:326,7
DA:328,7
DA:332,6
DA:337,6
DA:338,6
DA:340,6
DA:345,5
DA:349,5
DA:355,4
DA:356,4
DA:359,4
DA:360,4
DA:362,4
DA:385,3
DA:386,3
DA:404,0
DA:413,1
DA:415,1
DA:416,0
DA:419,1
DA:421,1
DA:422,0
DA:425,1
DA:427,1
DA:428,1
DA:430,1
DA:436,0
DA:437,0
DA:438,0
DA:439,0
DA:443,0
DA:444,0
DA:445,0
DA:446,0
LF:109
LH:87
BRDA:95,1,0,65
BRDA:95,1,1,4
BRDA:100,2,0,31
BRDA:100,2,1,0
BRDA:101,3,0,31
BRDA:101,3,1,0
BRDA:106,4,0,26
BRDA:106,4,1,1
BRDA:111,5,0,151
BRDA:111,5,1,2
BRDA:112,6,0,150
BRDA:112,6,1,1
BRDA:117,7,0,35
BRDA:117,7,1,1
BRDA:118,8,0,34
BRDA:118,8,1,1
BRDA:119,9,0,33
BRDA:119,9,1,1
BRDA:125,10,0,33
BRDA:125,10,1,0
BRDA:129,11,0,33
BRDA:129,11,1,0
BRDA:144,12,0,3
BRDA:144,12,1,1
BRDA:149,13,0,1
BRDA:149,13,1,0
BRDA:158,14,0,115
BRDA:158,14,1,1
BRDA:159,15,0,114
BRDA:159,15,1,1
BRDA:160,16,0,113
BRDA:160,16,1,1
BRDA:162,17,0,113
BRDA:162,17,1,0
BRDA:163,18,0,112
BRDA:163,18,1,1
BRDA:182,19,0,1
BRDA:182,19,1,0
BRDA:183,20,0,1
BRDA:183,20,1,0
BRDA:185,21,0,1
BRDA:185,21,1,0
BRDA:186,22,0,0
BRDA:186,22,1,1
BRDA:191,23,0,0
BRDA:191,23,1,0
BRDA:216,24,0,18
BRDA:216,24,1,0
BRDA:220,25,0,0
BRDA:220,25,1,0
BRDA:221,26,0,0
BRDA:221,26,1,0
BRDA:238,27,0,38
BRDA:238,27,1,1
BRDA:239,28,0,38
BRDA:239,28,1,0
BRDA:240,29,0,36
BRDA:240,29,1,2
BRDA:241,30,0,33
BRDA:241,30,1,3
BRDA:242,31,0,33
BRDA:242,31,1,0
BRDA:244,32,0,33
BRDA:244,32,1,0
BRDA:245,33,0,32
BRDA:245,33,1,1
BRDA:246,34,0,31
BRDA:246,34,1,1
BRDA:283,35,0,19
BRDA:283,35,1,1
BRDA:284,36,0,19
BRDA:284,36,1,0
BRDA:285,37,0,19
BRDA:285,37,1,0
BRDA:286,38,0,19
BRDA:286,38,1,0
BRDA:290,39,0,18
BRDA:290,39,1,1
BRDA:294,40,0,17
BRDA:294,40,1,1
BRDA:302,41,0,15
BRDA:302,41,1,2
BRDA:320,42,0,8
BRDA:320,42,1,2
BRDA:321,43,0,8
BRDA:321,43,1,0
BRDA:322,44,0,8
BRDA:322,44,1,0
BRDA:323,45,0,7
BRDA:323,45,1,1
BRDA:324,46,0,7
BRDA:324,46,1,0
BRDA:328,47,0,6
BRDA:328,47,1,1
BRDA:332,48,0,6
BRDA:332,48,1,0
BRDA:340,49,0,5
BRDA:340,49,1,1
BRDA:345,50,0,5
BRDA:345,50,1,0
BRDA:349,51,0,4
BRDA:349,51,1,1
BRDA:360,52,0,4
BRDA:360,52,1,0
BRDA:373,53,0,3
BRDA:373,53,1,0
BRDA:401,54,0,0
BRDA:401,54,1,0
BRDA:410,55,0,1
BRDA:410,55,1,0
BRDA:415,56,0,0
BRDA:415,56,1,1
BRDA:421,57,0,0
BRDA:421,57,1,1
BRDA:435,58,0,0
BRDA:435,58,1,0
BRDA:436,59,0,0
BRDA:436,59,1,0
BRDA:442,60,0,0
BRDA:442,60,1,0
BRDA:443,61,0,0
BRDA:443,61,1,0
BRF:122
BRH:79
end_of_record
