TN:
SF:C:\Users\Chaima BEN AYED\Desktop\remix_safe_club\Team_Blockchainorigin - Copie\contracts\openzeppelin\contracts\access\Ownable.sol
FN:38,constructor
FN:48,onlyOwner
FN:56,owner
FN:63,_checkOwner
FN:76,renounceOwnership
FN:84,transferOwnership
FN:95,_transferOwnership
FNF:7
FNH:0
FNDA:0,constructor
FNDA:0,onlyOwner
FNDA:0,owner
FNDA:0,_checkOwner
FNDA:0,renounceOwnership
FNDA:0,transferOwnership
FNDA:0,_transferOwnership
DA:39,0
DA:40,0
DA:42,0
DA:49,0
DA:50,0
DA:57,0
DA:64,0
DA:65,0
DA:77,0
DA:85,0
DA:86,0
DA:88,0
DA:96,0
DA:97,0
DA:98,0
LF:15
LH:0
BRDA:39,1,0,0
BRDA:39,1,1,0
BRDA:64,2,0,0
BRDA:64,2,1,0
BRDA:76,3,0,0
BRDA:76,3,1,0
BRDA:84,4,0,0
BRDA:84,4,1,0
BRDA:85,5,0,0
BRDA:85,5,1,0
BRF:10
BRH:0
end_of_record
TN:
SF:C:\Users\Chaima BEN AYED\Desktop\remix_safe_club\Team_Blockchainorigin - Copie\contracts\openzeppelin\contracts\security\ReentrancyGuard.sol
FN:39,constructor
FN:50,nonReentrant
FN:56,_nonReentrantBefore
FN:64,_nonReentrantAfter
FN:74,_reentrancyGuardEntered
FNF:5
FNH:0
FNDA:0,constructor
FNDA:0,nonReentrant
FNDA:0,_nonReentrantBefore
FNDA:0,_nonReentrantAfter
FNDA:0,_reentrancyGuardEntered
DA:40,0
DA:51,0
DA:52,0
DA:53,0
DA:58,0
DA:61,0
DA:67,0
DA:75,0
LF:8
LH:0
BRDA:58,1,0,0
BRDA:58,1,1,0
BRF:2
BRH:0
end_of_record
TN:
SF:C:\Users\Chaima BEN AYED\Desktop\remix_safe_club\Team_Blockchainorigin - Copie\contracts\openzeppelin\contracts\utils\Context.sol
FN:17,_msgSender
FN:21,_msgData
FN:25,_contextSuffixLength
FNF:3
FNH:0
FNDA:0,_msgSender
FNDA:0,_msgData
FNDA:0,_contextSuffixLength
DA:18,0
DA:22,0
DA:26,0
LF:3
LH:0
BRF:0
BRH:0
end_of_record
TN:
SF:C:\Users\Chaima BEN AYED\Desktop\remix_safe_club\Team_Blockchainorigin - Copie\contracts\openzeppelin\contracts\utils\ReentrancyGuard.sol
FN:58,constructor
FN:69,nonReentrant
FN:83,nonReentrantView
FN:88,_nonReentrantBeforeView
FN:94,_nonReentrantBefore
FN:102,_nonReentrantAfter
FN:112,_reentrancyGuardEntered
FN:116,_reentrancyGuardStorageSlot
FNF:8
FNH:0
FNDA:0,constructor
FNDA:0,nonReentrant
FNDA:0,nonReentrantView
FNDA:0,_nonReentrantBeforeView
FNDA:0,_nonReentrantBefore
FNDA:0,_nonReentrantAfter
FNDA:0,_reentrancyGuardEntered
FNDA:0,_reentrancyGuardStorageSlot
DA:59,0
DA:70,0
DA:71,0
DA:72,0
DA:84,0
DA:85,0
DA:89,0
DA:90,0
DA:96,0
DA:99,0
DA:105,0
DA:113,0
DA:117,0
LF:13
LH:0
BRDA:89,1,0,0
BRDA:89,1,1,0
BRF:2
BRH:0
end_of_record
TN:
SF:C:\Users\Chaima BEN AYED\Desktop\remix_safe_club\Team_Blockchainorigin - Copie\contracts\openzeppelin\contracts\utils\StorageSlot.sol
FN:66,getAddressSlot
FN:75,getBooleanSlot
FN:84,getBytes32Slot
FN:93,getUint256Slot
FN:102,getInt256Slot
FN:111,getStringSlot
FN:120,getStringSlot
FN:129,getBytesSlot
FN:138,getBytesSlot
FNF:9
FNH:0
FNDA:0,getAddressSlot
FNDA:0,getBooleanSlot
FNDA:0,getBytes32Slot
FNDA:0,getUint256Slot
FNDA:0,getInt256Slot
FNDA:0,getStringSlot
FNDA:0,getStringSlot
FNDA:0,getBytesSlot
FNDA:0,getBytesSlot
DA:67,0
DA:76,0
DA:85,0
DA:94,0
DA:103,0
DA:112,0
DA:121,0
DA:130,0
DA:139,0
LF:9
LH:0
BRF:0
BRH:0
end_of_record
TN:
SF:C:\Users\Chaima BEN AYED\Desktop\remix_safe_club\Team_Blockchainorigin - Copie\contracts\SafeClub.sol
FN:70,onlyMember
FN:75,proposalExists
FN:80,notExecuted
FN:87,constructor
FN:98,addMember
FN:108,_addMember
FN:122,removeMember
FN:143,getMemberCount
FN:150,getAllMembers
FN:157,isMember
FN:173,
FN:180,getBalance
FN:198,createProposal
FN:237,vote
FN:264,executeProposal
FN:302,getProposal
FN:333,hasVoted
FN:345,isProposalApproved
FN:369,setQuorumPercentage
FN:377,setApprovalPercentage
FNF:20
FNH:19
FNDA:36,onlyMember
FNDA:31,proposalExists
FNDA:22,notExecuted
FNDA:10,constructor
FNDA:16,addMember
FNDA:24,_addMember
FNDA:2,removeMember
FNDA:10,getMemberCount
FNDA:1,getAllMembers
FNDA:3,isMember
FNDA:0,
FNDA:5,getBalance
FNDA:11,createProposal
FNDA:15,vote
FNDA:6,executeProposal
FNDA:5,getProposal
FNDA:3,hasVoted
FNDA:1,isProposalApproved
FNDA:2,setQuorumPercentage
FNDA:2,setApprovalPercentage
DA:71,36
DA:72,33
DA:76,31
DA:77,31
DA:81,22
DA:82,21
DA:89,10
DA:99,16
DA:100,15
DA:102,14
DA:109,24
DA:113,24
DA:115,24
DA:123,2
DA:124,2
DA:126,1
DA:129,1
DA:130,2
DA:131,1
DA:132,1
DA:133,1
DA:137,1
DA:144,10
DA:151,1
DA:158,3
DA:167,12
DA:174,0
DA:181,5
DA:199,11
DA:200,10
DA:201,9
DA:202,8
DA:203,8
DA:205,8
DA:206,8
DA:208,8
DA:209,8
DA:210,8
DA:211,8
DA:212,8
DA:213,8
DA:214,8
DA:215,8
DA:216,8
DA:217,8
DA:219,8
DA:239,15
DA:241,15
DA:242,14
DA:244,13
DA:246,13
DA:247,10
DA:249,3
DA:252,13
DA:266,6
DA:268,6
DA:269,5
DA:271,5
DA:272,5
DA:275,5
DA:281,5
DA:287,4
DA:290,4
DA:291,4
DA:293,4
DA:314,5
DA:315,5
DA:336,3
DA:348,1
DA:350,1
DA:351,0
DA:354,1
DA:355,1
DA:358,1
DA:359,1
DA:361,1
DA:370,2
DA:371,1
DA:378,2
DA:379,1
LF:80
LH:78
BRDA:71,1,0,33
BRDA:71,1,1,3
BRDA:76,2,0,31
BRDA:76,2,1,0
BRDA:81,3,0,21
BRDA:81,3,1,1
BRDA:98,4,0,16
BRDA:98,4,1,1
BRDA:99,5,0,15
BRDA:99,5,1,1
BRDA:100,6,0,14
BRDA:100,6,1,1
BRDA:122,7,0,2
BRDA:122,7,1,0
BRDA:123,8,0,2
BRDA:123,8,1,0
BRDA:124,9,0,1
BRDA:124,9,1,1
BRDA:130,10,0,1
BRDA:130,10,1,1
BRDA:198,11,0,11
BRDA:198,11,1,1
BRDA:199,12,0,10
BRDA:199,12,1,1
BRDA:200,13,0,9
BRDA:200,13,1,1
BRDA:201,14,0,8
BRDA:201,14,1,1
BRDA:202,15,0,8
BRDA:202,15,1,0
BRDA:203,16,0,8
BRDA:203,16,1,0
BRDA:235,17,0,15
BRDA:235,17,1,1
BRDA:236,18,0,15
BRDA:236,18,1,0
BRDA:237,19,0,15
BRDA:237,19,1,0
BRDA:241,20,0,14
BRDA:241,20,1,1
BRDA:242,21,0,13
BRDA:242,21,1,1
BRDA:246,22,0,10
BRDA:246,22,1,3
BRDA:261,23,0,7
BRDA:261,23,1,1
BRDA:262,24,0,7
BRDA:262,24,1,0
BRDA:263,25,0,6
BRDA:263,25,1,1
BRDA:264,26,0,6
BRDA:264,26,1,0
BRDA:268,27,0,5
BRDA:268,27,1,1
BRDA:269,28,0,5
BRDA:269,28,1,0
BRDA:275,29,0,5
BRDA:275,29,1,0
BRDA:281,30,0,4
BRDA:281,30,1,1
BRDA:291,31,0,4
BRDA:291,31,1,0
BRDA:302,32,0,5
BRDA:302,32,1,0
BRDA:333,33,0,3
BRDA:333,33,1,0
BRDA:345,34,0,1
BRDA:345,34,1,0
BRDA:350,35,0,0
BRDA:350,35,1,1
BRDA:369,36,0,2
BRDA:369,36,1,0
BRDA:370,37,0,1
BRDA:370,37,1,1
BRDA:377,38,0,2
BRDA:377,38,1,0
BRDA:378,39,0,1
BRDA:378,39,1,1
BRF:78
BRH:60
end_of_record
